#
# A fatal error has been detected by the Java Runtime Environment:
#
#  SIGBUS (0xa) at pc=0x0000000128f82d00, pid=1959, tid=0x000000000000dc43
#
# JRE version: Java(TM) SE Runtime Environment (8.0_161-b12) (build 1.8.0_161-b12)
# Java VM: Java HotSpot(TM) 64-Bit Server VM (25.161-b12 mixed mode bsd-amd64 compressed oops)
# Problematic frame:
# C  [libbulletjme.dylib+0x131d00]  _maxdot_large(float const*, float const*, unsigned long, float*)+0x5c0
#
# Failed to write core dump. Core dumps have been disabled. To enable core dumping, try "ulimit -c unlimited" before starting Java again
#
# If you would like to submit a bug report, please visit:
#   http://bugreport.java.com/bugreport/crash.jsp
# The crash happened outside the Java Virtual Machine in native code.
# See problematic frame for where to report the bug.
#

---------------  T H R E A D  ---------------

Current thread (0x00007fbdcc241800):  JavaThread "jME3 Main" [_thread_in_native, id=56387, stack(0x000070000a992000,0x000070000aa92000)]

siginfo: si_signo: 10 (SIGBUS), si_code: 2 (BUS_ADRERR), si_addr: 0x000070000aa94000

Registers:
RAX=0x0000000000000386, RBX=0x000070000aa90a30, RCX=0x000070000aa90be0, RDX=0x000070000aa94000
RSP=0x000070000aa90790, RBP=0x000070000aa90bc0, RSI=0x0000000000000000, RDI=0x00007fbdcbe91a90
R8 =0x9e9764c93a5e00f3, R9 =0x0000000128fd0d90, R10=0x00000000000002a0, R11=0x0000000000000c00
R12=0x000000000000002c, R13=0x0000000000000000, R14=0x0000000000000000, R15=0x000000000000002a
RIP=0x0000000128f82d00, EFLAGS=0x0000000000010246, ERR=0x0000000000000004
  TRAPNO=0x000000000000000e

Top of Stack: (sp=0x000070000aa90790)
0x000070000aa90790:   ffc00000ffc00000 ffc00000ffc00000
0x000070000aa907a0:   ffc00000ffc00000 ffc00000ffc00000
0x000070000aa907b0:   ffc00000ffc00000 ffc00000ffc00000
0x000070000aa907c0:   ffc00000ffc00000 ffc00000ffc00000
0x000070000aa907d0:   ffc00000ffc00000 ffc00000ffc00000
0x000070000aa907e0:   ffc00000ffc00000 ffc00000ffc00000
0x000070000aa907f0:   ffc00000ffc00000 ffc00000ffc00000
0x000070000aa90800:   ffc00000ffc00000 ffc00000ffc00000
0x000070000aa90810:   ffc00000ffc00000 ffc00000ffc00000
0x000070000aa90820:   ffc00000ffc00000 ffc00000ffc00000
0x000070000aa90830:   ffc00000ffc00000 ffc00000ffc00000
0x000070000aa90840:   ffc00000ffc00000 ffc00000ffc00000
0x000070000aa90850:   ffc00000ffc00000 ffc00000ffc00000
0x000070000aa90860:   ffc00000ffc00000 ffc00000ffc00000
0x000070000aa90870:   ffc00000ffc00000 ffc00000ffc00000
0x000070000aa90880:   ffc00000ffc00000 ffc00000ffc00000
0x000070000aa90890:   ffc00000ffc00000 ffc00000ffc00000
0x000070000aa908a0:   ffc00000ffc00000 ffc00000ffc00000
0x000070000aa908b0:   ffc00000ffc00000 ffc00000ffc00000
0x000070000aa908c0:   ffc00000ffc00000 ffc00000ffc00000
0x000070000aa908d0:   ffc00000ffc00000 ffc00000ffc00000
0x000070000aa908e0:   ffc00000ffc00000 ffc00000ffc00000
0x000070000aa908f0:   ffc00000ffc00000 ffc00000ffc00000
0x000070000aa90900:   ffc00000ffc00000 ffc00000ffc00000
0x000070000aa90910:   ffc00000ffc00000 ffc00000ffc00000
0x000070000aa90920:   ffc00000ffc00000 ffc00000ffc00000
0x000070000aa90930:   ffc00000ffc00000 ffc00000ffc00000
0x000070000aa90940:   ffc00000ffc00000 ffc00000ffc00000
0x000070000aa90950:   ffc00000ffc00000 ffc00000ffc00000
0x000070000aa90960:   ffc00000ffc00000 ffc00000ffc00000
0x000070000aa90970:   ffc00000ffc00000 ffc00000ffc00000
0x000070000aa90980:   ffc00000ffc00000 ffc00000ffc00000 

Instructions: (pc=0x0000000128f82d00)
0x0000000128f82ce0:   44 0f 28 c8 45 0f c6 c9 b1 44 0f 5f c8 48 c7 c0
0x0000000128f82cf0:   ff ff ff ff 48 8d 95 d0 fb ff ff 0f 1f 44 00 00
0x0000000128f82d00:   0f 28 02 41 0f c2 c1 00 0f 50 f0 48 ff c0 48 83
0x0000000128f82d10:   c2 10 85 f6 74 ea 48 63 d6 49 8d 34 83 42 0f b6 

Register to memory mapping:

RAX=0x0000000000000386 is an unknown value
RBX=0x000070000aa90a30 is pointing into the stack for thread: 0x00007fbdcc241800
RCX=0x000070000aa90be0 is pointing into the stack for thread: 0x00007fbdcc241800
RDX=0x000070000aa94000 is an unknown value
RSP=0x000070000aa90790 is pointing into the stack for thread: 0x00007fbdcc241800
RBP=0x000070000aa90bc0 is pointing into the stack for thread: 0x00007fbdcc241800
RSI=0x0000000000000000 is an unknown value
RDI=0x00007fbdcbe91a90 is an unknown value
R8 =0x9e9764c93a5e00f3 is an unknown value
R9 =0x0000000128fd0d90: _ZZ13_mindot_largePKfS0_mPfE10indexTable+0 in /Users/miguelferreira/Google Drive/ProgramacionVideoJuegos/PARABOLICO/ProyectoVideojuego/libbulletjme.dylib at 0x0000000128e51000
R10=0x00000000000002a0 is an unknown value
R11=0x0000000000000c00 is an unknown value
R12=0x000000000000002c is an unknown value
R13=0x0000000000000000 is an unknown value
R14=0x0000000000000000 is an unknown value
R15=0x000000000000002a is an unknown value


Stack: [0x000070000a992000,0x000070000aa92000],  sp=0x000070000aa90790,  free space=1017k
Native frames: (J=compiled Java code, j=interpreted, Vv=VM code, C=native code)
C  [libbulletjme.dylib+0x131d00]  _maxdot_large(float const*, float const*, unsigned long, float*)+0x5c0
C  [libbulletjme.dylib+0x163cab]  btConvexShape::localGetSupportVertexWithoutMarginNonVirtual(btVector3 const&) const+0x2fb
C  [libbulletjme.dylib+0x47b33]  btGjkPairDetector::getClosestPointsNonVirtual(btDiscreteCollisionDetectorInterface::ClosestPointInput const&, btDiscreteCollisionDetectorInterface::Result&, btIDebugDraw*)+0x2d3
C  [libbulletjme.dylib+0x13fb55]  btConvexConvexAlgorithm::processCollision(btCollisionObjectWrapper const*, btCollisionObjectWrapper const*, btDispatcherInfo const&, btManifoldResult*)+0xc75
C  [libbulletjme.dylib+0x10ceec]  btCollisionDispatcher::defaultNearCallback(btBroadphasePair&, btCollisionDispatcher&, btDispatcherInfo const&)+0xec
C  [libbulletjme.dylib+0x10d725]  btCollisionPairCallback::processOverlap(btBroadphasePair&)+0x15
C  [libbulletjme.dylib+0x95d8c]  btHashedOverlappingPairCache::processAllOverlappingPairs(btOverlapCallback*, btDispatcher*)+0x4c
C  [libbulletjme.dylib+0x10d622]  btCollisionDispatcher::dispatchAllCollisionPairs(btOverlappingPairCache*, btDispatcherInfo const&, btDispatcher*)+0x32
C  [libbulletjme.dylib+0x3cf7e]  btCollisionWorld::performDiscreteCollisionDetection()+0x6e
C  [libbulletjme.dylib+0x144855]  btDiscreteDynamicsWorld::internalSingleStepSimulation(float)+0x85
C  [libbulletjme.dylib+0x144744]  btDiscreteDynamicsWorld::stepSimulation(float, int, float)+0x174
J 2708  com.jme3.bullet.PhysicsSpace.stepSimulation(JFIF)V (0 bytes) @ 0x000000010ec89c4e [0x000000010ec89b80+0xce]
J 2698 C1 com.jme3.bullet.BulletAppState.render(Lcom/jme3/renderer/RenderManager;)V (74 bytes) @ 0x000000010ec87b8c [0x000000010ec87940+0x24c]
J 2585 C1 com.jme3.app.state.AppStateManager.render(Lcom/jme3/renderer/RenderManager;)V (52 bytes) @ 0x000000010ebfb4bc [0x000000010ebfafa0+0x51c]
J 2653 C1 com.jme3.app.SimpleApplication.update()V (235 bytes) @ 0x000000010ec4b3ec [0x000000010ec4a9a0+0xa4c]
J 2652 C1 com.jme3.system.lwjgl.LwjglAbstractDisplay.runLoop()V (141 bytes) @ 0x000000010ec49a54 [0x000000010ec497e0+0x274]
J 2611 C1 com.jme3.system.lwjgl.LwjglDisplay.runLoop()V (108 bytes) @ 0x000000010ec27d3c [0x000000010ec25360+0x29dc]
j  com.jme3.system.lwjgl.LwjglAbstractDisplay.run()V+136
j  java.lang.Thread.run()V+11
v  ~StubRoutines::call_stub
V  [libjvm.dylib+0x2ef9aa]  JavaCalls::call_helper(JavaValue*, methodHandle*, JavaCallArguments*, Thread*)+0x6ae
V  [libjvm.dylib+0x2f014e]  JavaCalls::call_virtual(JavaValue*, KlassHandle, Symbol*, Symbol*, JavaCallArguments*, Thread*)+0x164
V  [libjvm.dylib+0x2f02fa]  JavaCalls::call_virtual(JavaValue*, Handle, KlassHandle, Symbol*, Symbol*, Thread*)+0x4a
V  [libjvm.dylib+0x34aae5]  thread_entry(JavaThread*, Thread*)+0x7c
V  [libjvm.dylib+0x56edef]  JavaThread::thread_main_inner()+0x9b
V  [libjvm.dylib+0x5704ea]  JavaThread::run()+0x1c2
V  [libjvm.dylib+0x48d83a]  java_start(Thread*)+0xf6
C  [libsystem_pthread.dylib+0x3661]  _pthread_body+0x154
C  [libsystem_pthread.dylib+0x350d]  _pthread_body+0x0
C  [libsystem_pthread.dylib+0x2bf9]  thread_start+0xd
C  0x0000000000000000

Java frames: (J=compiled Java code, j=interpreted, Vv=VM code)
J 2708  com.jme3.bullet.PhysicsSpace.stepSimulation(JFIF)V (0 bytes) @ 0x000000010ec89bb8 [0x000000010ec89b80+0x38]
J 2698 C1 com.jme3.bullet.BulletAppState.render(Lcom/jme3/renderer/RenderManager;)V (74 bytes) @ 0x000000010ec87b8c [0x000000010ec87940+0x24c]
J 2585 C1 com.jme3.app.state.AppStateManager.render(Lcom/jme3/renderer/RenderManager;)V (52 bytes) @ 0x000000010ebfb4bc [0x000000010ebfafa0+0x51c]
J 2653 C1 com.jme3.app.SimpleApplication.update()V (235 bytes) @ 0x000000010ec4b3ec [0x000000010ec4a9a0+0xa4c]
J 2652 C1 com.jme3.system.lwjgl.LwjglAbstractDisplay.runLoop()V (141 bytes) @ 0x000000010ec49a54 [0x000000010ec497e0+0x274]
J 2611 C1 com.jme3.system.lwjgl.LwjglDisplay.runLoop()V (108 bytes) @ 0x000000010ec27d3c [0x000000010ec25360+0x29dc]
j  com.jme3.system.lwjgl.LwjglAbstractDisplay.run()V+136
j  java.lang.Thread.run()V+11
v  ~StubRoutines::call_stub

---------------  P R O C E S S  ---------------

Java Threads: ( => current thread )
  0x00007fbdcc78b000 JavaThread "Timer-1" [_thread_blocked, id=3847, stack(0x000070000a0f4000,0x000070000a1f4000)]
  0x00007fbdcc932800 JavaThread "jME3 Audio Decoder" daemon [_thread_blocked, id=67843, stack(0x000070000aa95000,0x000070000ab95000)]
  0x00007fbdcc003800 JavaThread "DestroyJavaVM" [_thread_blocked, id=6403, stack(0x0000700009247000,0x0000700009347000)]
=>0x00007fbdcc241800 JavaThread "jME3 Main" [_thread_in_native, id=56387, stack(0x000070000a992000,0x000070000aa92000)]
  0x00007fbdcc459000 JavaThread "TimerQueue" daemon [_thread_blocked, id=76335, stack(0x000070000a88f000,0x000070000a98f000)]
  0x00007fbdcca23800 JavaThread "Timer-0" daemon [_thread_blocked, id=53255, stack(0x000070000a606000,0x000070000a706000)]
  0x00007fbdcb95c000 JavaThread "Java2D Disposer" daemon [_thread_blocked, id=81423, stack(0x000070000a503000,0x000070000a603000)]
  0x00007fbdcc24b000 JavaThread "Java2D Queue Flusher" daemon [_thread_blocked, id=83463, stack(0x000070000a400000,0x000070000a500000)]
  0x00007fbdcc80a800 JavaThread "AppKit Thread" daemon [_thread_in_native, id=775, stack(0x00007ffee44bd000,0x00007ffee4cbd000)]
  0x00007fbdcc823800 JavaThread "Service Thread" daemon [_thread_blocked, id=13315, stack(0x0000700009e6b000,0x0000700009f6b000)]
  0x00007fbdcb824000 JavaThread "C1 CompilerThread2" daemon [_thread_blocked, id=16643, stack(0x0000700009d68000,0x0000700009e68000)]
  0x00007fbdcb823000 JavaThread "C2 CompilerThread1" daemon [_thread_blocked, id=17155, stack(0x0000700009c65000,0x0000700009d65000)]
  0x00007fbdcc002000 JavaThread "C2 CompilerThread0" daemon [_thread_blocked, id=17667, stack(0x0000700009b62000,0x0000700009c62000)]
  0x00007fbdcb81c000 JavaThread "Signal Dispatcher" daemon [_thread_blocked, id=18179, stack(0x0000700009a5f000,0x0000700009b5f000)]
  0x00007fbdcb031000 JavaThread "Finalizer" daemon [_thread_blocked, id=11523, stack(0x000070000995c000,0x0000700009a5c000)]
  0x00007fbdcb818800 JavaThread "Reference Handler" daemon [_thread_blocked, id=20227, stack(0x0000700009859000,0x0000700009959000)]

Other Threads:
  0x00007fbdcb814000 VMThread [stack: 0x0000700009756000,0x0000700009856000] [id=20739]
  0x00007fbdcc030000 WatcherThread [stack: 0x0000700009f6e000,0x000070000a06e000] [id=15875]

VM state:not at safepoint (normal execution)

VM Mutex/Monitor currently owned by a thread: None

Heap:
 PSYoungGen      total 71680K, used 70620K [0x0000000795580000, 0x000000079f780000, 0x00000007c0000000)
  eden space 66560K, 98% used [0x0000000795580000,0x000000079957e6e0,0x0000000799680000)
  from space 5120K, 99% used [0x0000000799680000,0x0000000799b789f0,0x0000000799b80000)
  to   space 16384K, 0% used [0x000000079e780000,0x000000079e780000,0x000000079f780000)
 ParOldGen       total 87552K, used 32486K [0x0000000740000000, 0x0000000745580000, 0x0000000795580000)
  object space 87552K, 37% used [0x0000000740000000,0x0000000741fb9868,0x0000000745580000)
 Metaspace       used 19970K, capacity 20403K, committed 20608K, reserved 1067008K
  class space    used 2295K, capacity 2423K, committed 2432K, reserved 1048576K

Card table byte_map: [0x000000010cbae000,0x000000010cfaf000] byte_map_base: 0x00000001091ae000

Marking Bits: (ParMarkBitMap*) 0x000000010c0f76c0
 Begin Bits: [0x000000011d3e5000, 0x000000011f3e5000)
 End Bits:   [0x000000011f3e5000, 0x00000001213e5000)

Polling page: 0x000000010afc0000

CodeCache: size=245760Kb used=8749Kb max_used=8941Kb free=237011Kb
 bounds [0x000000010e3e5000, 0x000000010ecb5000, 0x000000011d3e5000]
 total_blobs=3375 nmethods=2674 adapters=614
 compilation: enabled

Compilation events (10 events):
Event: 16.555 Thread 0x00007fbdcb823000 nmethod 2732 0x000000010ec9c150 code [0x000000010ec9c2a0, 0x000000010ec9c3a8]
Event: 16.555 Thread 0x00007fbdcc002000 nmethod 2733 0x000000010e669190 code [0x000000010e6692e0, 0x000000010e6693e8]
Event: 16.555 Thread 0x00007fbdcb823000 2734       4       org.lwjgl.opengl.MacOSXNativeKeyboard::flushDeferredEvent (34 bytes)
Event: 16.556 Thread 0x00007fbdcb823000 nmethod 2734 0x000000010e60bf90 code [0x000000010e60c0e0, 0x000000010e60c158]
Event: 16.693 Thread 0x00007fbdcc002000 2735       4       com.jme3.math.Matrix4f::toScaleVector (116 bytes)
Event: 16.694 Thread 0x00007fbdcc002000 nmethod 2735 0x000000010e4f7fd0 code [0x000000010e4f8120, 0x000000010e4f8218]
Event: 16.696 Thread 0x00007fbdcb823000 2736       4       com.jme3.math.Matrix4f::setTranslation (25 bytes)
Event: 16.696 Thread 0x00007fbdcb824000 2737       3       com.jme3.scene.Geometry::computeWorldMatrix (85 bytes)
Event: 16.697 Thread 0x00007fbdcb823000 nmethod 2736 0x000000010ec925d0 code [0x000000010ec92720, 0x000000010ec927b8]
Event: 16.697 Thread 0x00007fbdcb824000 nmethod 2737 0x000000010e688110 code [0x000000010e688320, 0x000000010e688e58]

GC Heap History (10 events):
Event: 6.140 GC heap before
{Heap before GC invocations=1 (full 0):
 PSYoungGen      total 38400K, used 33280K [0x0000000795580000, 0x0000000798000000, 0x00000007c0000000)
  eden space 33280K, 100% used [0x0000000795580000,0x0000000797600000,0x0000000797600000)
  from space 5120K, 0% used [0x0000000797b00000,0x0000000797b00000,0x0000000798000000)
  to   space 5120K, 0% used [0x0000000797600000,0x0000000797600000,0x0000000797b00000)
 ParOldGen       total 87552K, used 0K [0x0000000740000000, 0x0000000745580000, 0x0000000795580000)
  object space 87552K, 0% used [0x0000000740000000,0x0000000740000000,0x0000000745580000)
 Metaspace       used 18174K, capacity 18539K, committed 18688K, reserved 1064960K
  class space    used 2178K, capacity 2283K, committed 2304K, reserved 1048576K
Event: 6.155 GC heap after
Heap after GC invocations=1 (full 0):
 PSYoungGen      total 38400K, used 5104K [0x0000000795580000, 0x0000000798000000, 0x00000007c0000000)
  eden space 33280K, 0% used [0x0000000795580000,0x0000000795580000,0x0000000797600000)
  from space 5120K, 99% used [0x0000000797600000,0x0000000797afc2d0,0x0000000797b00000)
  to   space 5120K, 0% used [0x0000000797b00000,0x0000000797b00000,0x0000000798000000)
 ParOldGen       total 87552K, used 3584K [0x0000000740000000, 0x0000000745580000, 0x0000000795580000)
  object space 87552K, 4% used [0x0000000740000000,0x0000000740380020,0x0000000745580000)
 Metaspace       used 18174K, capacity 18539K, committed 18688K, reserved 1064960K
  class space    used 2178K, capacity 2283K, committed 2304K, reserved 1048576K
}
Event: 6.572 GC heap before
{Heap before GC invocations=2 (full 0):
 PSYoungGen      total 38400K, used 38384K [0x0000000795580000, 0x0000000798000000, 0x00000007c0000000)
  eden space 33280K, 100% used [0x0000000795580000,0x0000000797600000,0x0000000797600000)
  from space 5120K, 99% used [0x0000000797600000,0x0000000797afc2d0,0x0000000797b00000)
  to   space 5120K, 0% used [0x0000000797b00000,0x0000000797b00000,0x0000000798000000)
 ParOldGen       total 87552K, used 3584K [0x0000000740000000, 0x0000000745580000, 0x0000000795580000)
  object space 87552K, 4% used [0x0000000740000000,0x0000000740380020,0x0000000745580000)
 Metaspace       used 18932K, capacity 19337K, committed 19584K, reserved 1067008K
  class space    used 2248K, capacity 2352K, committed 2432K, reserved 1048576K
Event: 6.582 GC heap after
Heap after GC invocations=2 (full 0):
 PSYoungGen      total 38400K, used 5094K [0x0000000795580000, 0x000000079a080000, 0x00000007c0000000)
  eden space 33280K, 0% used [0x0000000795580000,0x0000000795580000,0x0000000797600000)
  from space 5120K, 99% used [0x0000000797b00000,0x0000000797ff9a00,0x0000000798000000)
  to   space 5120K, 0% used [0x0000000797600000,0x0000000797600000,0x0000000797b00000)
 ParOldGen       total 87552K, used 13755K [0x0000000740000000, 0x0000000745580000, 0x0000000795580000)
  object space 87552K, 15% used [0x0000000740000000,0x0000000740d6ef48,0x0000000745580000)
 Metaspace       used 18932K, capacity 19337K, committed 19584K, reserved 1067008K
  class space    used 2248K, capacity 2352K, committed 2432K, reserved 1048576K
}
Event: 6.854 GC heap before
{Heap before GC invocations=3 (full 0):
 PSYoungGen      total 38400K, used 38374K [0x0000000795580000, 0x000000079a080000, 0x00000007c0000000)
  eden space 33280K, 100% used [0x0000000795580000,0x0000000797600000,0x0000000797600000)
  from space 5120K, 99% used [0x0000000797b00000,0x0000000797ff9a00,0x0000000798000000)
  to   space 5120K, 0% used [0x0000000797600000,0x0000000797600000,0x0000000797b00000)
 ParOldGen       total 87552K, used 13755K [0x0000000740000000, 0x0000000745580000, 0x0000000795580000)
  object space 87552K, 15% used [0x0000000740000000,0x0000000740d6ef48,0x0000000745580000)
 Metaspace       used 18935K, capacity 19337K, committed 19584K, reserved 1067008K
  class space    used 2248K, capacity 2352K, committed 2432K, reserved 1048576K
Event: 6.863 GC heap after
Heap after GC invocations=3 (full 0):
 PSYoungGen      total 38400K, used 5116K [0x0000000795580000, 0x000000079a080000, 0x00000007c0000000)
  eden space 33280K, 0% used [0x0000000795580000,0x0000000795580000,0x0000000797600000)
  from space 5120K, 99% used [0x0000000797600000,0x0000000797aff228,0x0000000797b00000)
  to   space 5120K, 0% used [0x0000000799b80000,0x0000000799b80000,0x000000079a080000)
 ParOldGen       total 87552K, used 22979K [0x0000000740000000, 0x0000000745580000, 0x0000000795580000)
  object space 87552K, 26% used [0x0000000740000000,0x0000000741670f78,0x0000000745580000)
 Metaspace       used 18935K, capacity 19337K, committed 19584K, reserved 1067008K
  class space    used 2248K, capacity 2352K, committed 2432K, reserved 1048576K
}
Event: 7.106 GC heap before
{Heap before GC invocations=4 (full 0):
 PSYoungGen      total 38400K, used 38396K [0x0000000795580000, 0x000000079a080000, 0x00000007c0000000)
  eden space 33280K, 100% used [0x0000000795580000,0x0000000797600000,0x0000000797600000)
  from space 5120K, 99% used [0x0000000797600000,0x0000000797aff228,0x0000000797b00000)
  to   space 5120K, 0% used [0x0000000799b80000,0x0000000799b80000,0x000000079a080000)
 ParOldGen       total 87552K, used 22979K [0x0000000740000000, 0x0000000745580000, 0x0000000795580000)
  object space 87552K, 26% used [0x0000000740000000,0x0000000741670f78,0x0000000745580000)
 Metaspace       used 18944K, capacity 19337K, committed 19584K, reserved 1067008K
  class space    used 2251K, capacity 2352K, committed 2432K, reserved 1048576K
Event: 7.120 GC heap after
Heap after GC invocations=4 (full 0):
 PSYoungGen      total 71680K, used 5116K [0x0000000795580000, 0x000000079a080000, 0x00000007c0000000)
  eden space 66560K, 0% used [0x0000000795580000,0x0000000795580000,0x0000000799680000)
  from space 5120K, 99% used [0x0000000799b80000,0x000000079a07f248,0x000000079a080000)
  to   space 5120K, 0% used [0x0000000799680000,0x0000000799680000,0x0000000799b80000)
 ParOldGen       total 87552K, used 32195K [0x0000000740000000, 0x0000000745580000, 0x0000000795580000)
  object space 87552K, 36% used [0x0000000740000000,0x0000000741f70fa8,0x0000000745580000)
 Metaspace       used 18944K, capacity 19337K, committed 19584K, reserved 1067008K
  class space    used 2251K, capacity 2352K, committed 2432K, reserved 1048576K
}
Event: 7.683 GC heap before
{Heap before GC invocations=5 (full 0):
 PSYoungGen      total 71680K, used 71676K [0x0000000795580000, 0x000000079a080000, 0x00000007c0000000)
  eden space 66560K, 100% used [0x0000000795580000,0x0000000799680000,0x0000000799680000)
  from space 5120K, 99% used [0x0000000799b80000,0x000000079a07f248,0x000000079a080000)
  to   space 5120K, 0% used [0x0000000799680000,0x0000000799680000,0x0000000799b80000)
 ParOldGen       total 87552K, used 32195K [0x0000000740000000, 0x0000000745580000, 0x0000000795580000)
  object space 87552K, 36% used [0x0000000740000000,0x0000000741f70fa8,0x0000000745580000)
 Metaspace       used 19085K, capacity 19539K, committed 19840K, reserved 1067008K
  class space    used 2260K, capacity 2391K, committed 2432K, reserved 1048576K
Event: 7.693 GC heap after
Heap after GC invocations=5 (full 0):
 PSYoungGen      total 71680K, used 5090K [0x0000000795580000, 0x000000079f780000, 0x00000007c0000000)
  eden space 66560K, 0% used [0x0000000795580000,0x0000000795580000,0x0000000799680000)
  from space 5120K, 99% used [0x0000000799680000,0x0000000799b789f0,0x0000000799b80000)
  to   space 16384K, 0% used [0x000000079e780000,0x000000079e780000,0x000000079f780000)
 ParOldGen       total 87552K, used 32486K [0x0000000740000000, 0x0000000745580000, 0x0000000795580000)
  object space 87552K, 37% used [0x0000000740000000,0x0000000741fb9868,0x0000000745580000)
 Metaspace       used 19085K, capacity 19539K, committed 19840K, reserved 1067008K
  class space    used 2260K, capacity 2391K, committed 2432K, reserved 1048576K
}

Deoptimization events (10 events):
Event: 11.431 Thread 0x00007fbdcc241800 Uncommon trap: reason=array_check action=maybe_recompile pc=0x000000010ebec0c8 method=com.jme3.util.ListSort.binaryInsertionSort([Ljava/lang/Object;IIILjava/util/Comparator;)V @ 123
Event: 11.431 Thread 0x00007fbdcc241800 Uncommon trap: reason=array_check action=maybe_recompile pc=0x000000010ebbdd48 method=com.jme3.util.ListSort.binaryInsertionSort([Ljava/lang/Object;IIILjava/util/Comparator;)V @ 155
Event: 11.434 Thread 0x00007fbdcc241800 Uncommon trap: reason=array_check action=maybe_recompile pc=0x000000010ebec0c8 method=com.jme3.util.ListSort.binaryInsertionSort([Ljava/lang/Object;IIILjava/util/Comparator;)V @ 123
Event: 11.497 Thread 0x00007fbdcc241800 Uncommon trap: reason=array_check action=maybe_recompile pc=0x000000010ebbdd48 method=com.jme3.util.ListSort.binaryInsertionSort([Ljava/lang/Object;IIILjava/util/Comparator;)V @ 155
Event: 11.532 Thread 0x00007fbdcc241800 Uncommon trap: reason=array_check action=maybe_recompile pc=0x000000010ebefce4 method=com.jme3.util.ListSort.binaryInsertionSort([Ljava/lang/Object;IIILjava/util/Comparator;)V @ 133
Event: 11.535 Thread 0x00007fbdcc241800 Uncommon trap: reason=array_check action=maybe_recompile pc=0x000000010ebefce4 method=com.jme3.util.ListSort.binaryInsertionSort([Ljava/lang/Object;IIILjava/util/Comparator;)V @ 133
Event: 14.100 Thread 0x00007fbdcc241800 Uncommon trap: reason=unstable_if action=reinterpret pc=0x000000010ec1197c method=com.jme3.math.Matrix3f.equals(Ljava/lang/Object;)Z @ 84
Event: 14.108 Thread 0x00007fbdcc241800 Uncommon trap: reason=unstable_if action=reinterpret pc=0x000000010ec0f260 method=com.jme3.bounding.BoundingBox.collideWithRay(Lcom/jme3/math/Ray;Lcom/jme3/collision/CollisionResults;)I @ 213
Event: 16.683 Thread 0x00007fbdcc241800 Uncommon trap: reason=unstable_if action=reinterpret pc=0x000000010ebaaa98 method=com.jme3.math.Quaternion.toRotationMatrix(Lcom/jme3/math/Matrix4f;)Lcom/jme3/math/Matrix4f; @ 42
Event: 16.683 Thread 0x00007fbdcc241800 Uncommon trap: reason=unstable_if action=reinterpret pc=0x000000010ec359a8 method=com.jme3.math.Quaternion.toRotationMatrix(Lcom/jme3/math/Matrix3f;)Lcom/jme3/math/Matrix3f; @ 18

Classes redefined (0 events):
No events

Internal exceptions (10 events):
Event: 5.835 Thread 0x00007fbdcc241800 Exception <a 'org/lwjgl/LWJGLException': Could not load OpenAL library> (0x0000000796e13960) thrown at [/Users/java_re/workspace/8-2-build-macosx-x86_64/jdk8u161/10277/hotspot/src/share/vm/prims/jni.cpp, line 735]
Event: 5.835 Thread 0x00007fbdcc241800 Exception <a 'org/lwjgl/LWJGLException': Could not load OpenAL library> (0x0000000796e13e80) thrown at [/Users/java_re/workspace/8-2-build-macosx-x86_64/jdk8u161/10277/hotspot/src/share/vm/prims/jni.cpp, line 735]
Event: 5.835 Thread 0x00007fbdcc241800 Exception <a 'org/lwjgl/LWJGLException': Could not load OpenAL library> (0x0000000796e14310) thrown at [/Users/java_re/workspace/8-2-build-macosx-x86_64/jdk8u161/10277/hotspot/src/share/vm/prims/jni.cpp, line 735]
Event: 5.835 Thread 0x00007fbdcc241800 Exception <a 'org/lwjgl/LWJGLException': Could not load OpenAL library> (0x0000000796e14760) thrown at [/Users/java_re/workspace/8-2-build-macosx-x86_64/jdk8u161/10277/hotspot/src/share/vm/prims/jni.cpp, line 735]
Event: 5.836 Thread 0x00007fbdcc241800 Exception <a 'org/lwjgl/LWJGLException': Could not load OpenAL library> (0x0000000796e14e48) thrown at [/Users/java_re/workspace/8-2-build-macosx-x86_64/jdk8u161/10277/hotspot/src/share/vm/prims/jni.cpp, line 735]
Event: 6.743 Thread 0x00007fbdcc241800 Implicit null exception at 0x000000010e90a559 to 0x000000010e90b1e8
Event: 6.744 Thread 0x00007fbdcc241800 Implicit null exception at 0x000000010e902fb1 to 0x000000010e9033c1
Event: 6.744 Thread 0x00007fbdcc241800 Implicit null exception at 0x000000010e900056 to 0x000000010e900279
Event: 6.754 Thread 0x00007fbdcc241800 Implicit null exception at 0x000000010e4e7cb8 to 0x000000010e4e7f09
Event: 8.082 Thread 0x00007fbdcc241800 Implicit null exception at 0x000000010e8fbd0c to 0x000000010e8fbd61

Events (10 events):
Event: 16.556 Thread 0x00007fbdcb823000 flushing nmethod 0x000000010e722bd0
Event: 16.561 Executing VM operation: RevokeBias
Event: 16.562 Executing VM operation: RevokeBias done
Event: 16.562 Thread 0x00007fbdcbe4b800 Thread exited: 0x00007fbdcbe4b800
Event: 16.683 Thread 0x00007fbdcc241800 Uncommon trap: trap_request=0xffffff65 fr.pc=0x000000010ebaaa98
Event: 16.683 Thread 0x00007fbdcc241800 DEOPT PACKING pc=0x000000010ebaaa98 sp=0x000070000aa91530
Event: 16.683 Thread 0x00007fbdcc241800 DEOPT UNPACKING pc=0x000000010e42a73a sp=0x000070000aa913e0 mode 2
Event: 16.683 Thread 0x00007fbdcc241800 Uncommon trap: trap_request=0xffffff65 fr.pc=0x000000010ec359a8
Event: 16.683 Thread 0x00007fbdcc241800 DEOPT PACKING pc=0x000000010ec359a8 sp=0x000070000aa915a0
Event: 16.683 Thread 0x00007fbdcc241800 DEOPT UNPACKING pc=0x000000010e42a73a sp=0x000070000aa91398 mode 2


Dynamic libraries:
0x000000000cbdc000 	/System/Library/Frameworks/Cocoa.framework/Versions/A/Cocoa
0x000000000cbdc000 	/System/Library/Frameworks/Security.framework/Versions/A/Security
0x000000000cbdc000 	/System/Library/Frameworks/ApplicationServices.framework/Versions/A/ApplicationServices
0x000000000cbdc000 	/usr/lib/libz.1.dylib
0x000000000cbdc000 	/usr/lib/libSystem.B.dylib
0x000000000cbdc000 	/usr/lib/libobjc.A.dylib
0x000000000cbdc000 	/System/Library/Frameworks/CoreFoundation.framework/Versions/A/CoreFoundation
0x000000000cbdc000 	/System/Library/Frameworks/Foundation.framework/Versions/C/Foundation
0x000000000cbdc000 	/System/Library/Frameworks/AppKit.framework/Versions/C/AppKit
0x000000000cbdc000 	/System/Library/Frameworks/CoreData.framework/Versions/A/CoreData
0x000000000cbdc000 	/System/Library/PrivateFrameworks/RemoteViewServices.framework/Versions/A/RemoteViewServices
0x000000000cbdc000 	/System/Library/PrivateFrameworks/UIFoundation.framework/Versions/A/UIFoundation
0x000000000cbdc000 	/System/Library/PrivateFrameworks/DFRFoundation.framework/Versions/A/DFRFoundation
0x000000000cbdc000 	/System/Library/Frameworks/Metal.framework/Versions/A/Metal
0x000000000cbdc000 	/System/Library/PrivateFrameworks/DesktopServicesPriv.framework/Versions/A/DesktopServicesPriv
0x000000000cbdc000 	/usr/lib/libenergytrace.dylib
0x000000000cbdc000 	/System/Library/PrivateFrameworks/SkyLight.framework/Versions/A/SkyLight
0x000000000cbdc000 	/System/Library/Frameworks/CoreGraphics.framework/Versions/A/CoreGraphics
0x000000000cbdc000 	/usr/lib/libScreenReader.dylib
0x000000000cbdc000 	/System/Library/Frameworks/Accelerate.framework/Versions/A/Accelerate
0x000000000cbdc000 	/System/Library/Frameworks/IOSurface.framework/Versions/A/IOSurface
0x000000000cbdc000 	/System/Library/Frameworks/AudioToolbox.framework/Versions/A/AudioToolbox
0x000000000cbdc000 	/System/Library/Frameworks/AudioUnit.framework/Versions/A/AudioUnit
0x000000000cbdc000 	/System/Library/PrivateFrameworks/DataDetectorsCore.framework/Versions/A/DataDetectorsCore
0x000000000cbdc000 	/System/Library/Frameworks/Carbon.framework/Versions/A/Frameworks/HIToolbox.framework/Versions/A/HIToolbox
0x000000000cbdc000 	/usr/lib/libicucore.A.dylib
0x000000000cbdc000 	/System/Library/Frameworks/QuartzCore.framework/Versions/A/QuartzCore
0x000000000cbdc000 	/System/Library/PrivateFrameworks/SignpostNotification.framework/Versions/A/SignpostNotification
0x000000000cbdc000 	/System/Library/Frameworks/Carbon.framework/Versions/A/Frameworks/SpeechRecognition.framework/Versions/A/SpeechRecognition
0x000000000cbdc000 	/usr/lib/libauto.dylib
0x000000000cbdc000 	/usr/lib/libxml2.2.dylib
0x000000000cbdc000 	/System/Library/PrivateFrameworks/CoreUI.framework/Versions/A/CoreUI
0x000000000cbdc000 	/System/Library/Frameworks/CoreAudio.framework/Versions/A/CoreAudio
0x000000000cbdc000 	/System/Library/Frameworks/DiskArbitration.framework/Versions/A/DiskArbitration
0x000000000cbdc000 	/usr/lib/liblangid.dylib
0x000000000cbdc000 	/System/Library/PrivateFrameworks/MultitouchSupport.framework/Versions/A/MultitouchSupport
0x000000000cbdc000 	/System/Library/Frameworks/IOKit.framework/Versions/A/IOKit
0x000000000cbdc000 	/usr/lib/libDiagnosticMessagesClient.dylib
0x000000000cbdc000 	/System/Library/Frameworks/CoreServices.framework/Versions/A/CoreServices
0x000000000cbdc000 	/System/Library/PrivateFrameworks/PerformanceAnalysis.framework/Versions/A/PerformanceAnalysis
0x000000000cbdc000 	/System/Library/Frameworks/OpenGL.framework/Versions/A/OpenGL
0x000000000cbdc000 	/System/Library/Frameworks/ColorSync.framework/Versions/A/ColorSync
0x000000000cbdc000 	/System/Library/Frameworks/CoreImage.framework/Versions/A/CoreImage
0x000000000cbdc000 	/System/Library/Frameworks/CoreText.framework/Versions/A/CoreText
0x000000000cbdc000 	/System/Library/Frameworks/ImageIO.framework/Versions/A/ImageIO
0x000000000cbdc000 	/System/Library/PrivateFrameworks/Backup.framework/Versions/A/Backup
0x000000000cbdc000 	/usr/lib/libarchive.2.dylib
0x000000000cbdc000 	/System/Library/Frameworks/CFNetwork.framework/Versions/A/CFNetwork
0x000000000cbdc000 	/System/Library/Frameworks/SystemConfiguration.framework/Versions/A/SystemConfiguration
0x000000000cbdc000 	/usr/lib/libCRFSuite.dylib
0x000000000cbdc000 	/usr/lib/libc++.1.dylib
0x000000000cbdc000 	/usr/lib/libc++abi.dylib
0x000000000cbdc000 	/usr/lib/system/libcache.dylib
0x000000000cbdc000 	/usr/lib/system/libcommonCrypto.dylib
0x000000000cbdc000 	/usr/lib/system/libcompiler_rt.dylib
0x000000000cbdc000 	/usr/lib/system/libcopyfile.dylib
0x000000000cbdc000 	/usr/lib/system/libcorecrypto.dylib
0x000000000cbdc000 	/usr/lib/system/libdispatch.dylib
0x000000000cbdc000 	/usr/lib/system/libdyld.dylib
0x000000000cbdc000 	/usr/lib/system/libkeymgr.dylib
0x000000000cbdc000 	/usr/lib/system/liblaunch.dylib
0x000000000cbdc000 	/usr/lib/system/libmacho.dylib
0x000000000cbdc000 	/usr/lib/system/libquarantine.dylib
0x000000000cbdc000 	/usr/lib/system/libremovefile.dylib
0x000000000cbdc000 	/usr/lib/system/libsystem_asl.dylib
0x000000000cbdc000 	/usr/lib/system/libsystem_blocks.dylib
0x000000000cbdc000 	/usr/lib/system/libsystem_c.dylib
0x000000000cbdc000 	/usr/lib/system/libsystem_configuration.dylib
0x000000000cbdc000 	/usr/lib/system/libsystem_coreservices.dylib
0x000000000cbdc000 	/usr/lib/system/libsystem_darwin.dylib
0x000000000cbdc000 	/usr/lib/system/libsystem_dnssd.dylib
0x000000000cbdc000 	/usr/lib/system/libsystem_info.dylib
0x000000000cbdc000 	/usr/lib/system/libsystem_m.dylib
0x000000000cbdc000 	/usr/lib/system/libsystem_malloc.dylib
0x000000000cbdc000 	/usr/lib/system/libsystem_network.dylib
0x000000000cbdc000 	/usr/lib/system/libsystem_networkextension.dylib
0x000000000cbdc000 	/usr/lib/system/libsystem_notify.dylib
0x000000000cbdc000 	/usr/lib/system/libsystem_sandbox.dylib
0x000000000cbdc000 	/usr/lib/system/libsystem_secinit.dylib
0x000000000cbdc000 	/usr/lib/system/libsystem_kernel.dylib
0x000000000cbdc000 	/usr/lib/system/libsystem_platform.dylib
0x000000000cbdc000 	/usr/lib/system/libsystem_pthread.dylib
0x000000000cbdc000 	/usr/lib/system/libsystem_symptoms.dylib
0x000000000cbdc000 	/usr/lib/system/libsystem_trace.dylib
0x000000000cbdc000 	/usr/lib/system/libunwind.dylib
0x000000000cbdc000 	/usr/lib/system/libxpc.dylib
0x000000000cbdc000 	/usr/lib/closure/libclosured.dylib
0x000000000cbdc000 	/usr/lib/libbsm.0.dylib
0x000000000cbdc000 	/usr/lib/system/libkxld.dylib
0x000000000cbdc000 	/usr/lib/libOpenScriptingUtil.dylib
0x000000000cbdc000 	/usr/lib/libcoretls.dylib
0x000000000cbdc000 	/usr/lib/libcoretls_cfhelpers.dylib
0x000000000cbdc000 	/usr/lib/libpam.2.dylib
0x000000000cbdc000 	/usr/lib/libsqlite3.dylib
0x000000000cbdc000 	/usr/lib/libxar.1.dylib
0x000000000cbdc000 	/usr/lib/libbz2.1.0.dylib
0x000000000cbdc000 	/usr/lib/liblzma.5.dylib
0x000000000cbdc000 	/usr/lib/libnetwork.dylib
0x000000000cbdc000 	/usr/lib/libapple_nghttp2.dylib
0x000000000cbdc000 	/usr/lib/libpcap.A.dylib
0x000000000cbdc000 	/usr/lib/libboringssl.dylib
0x000000000cbdc000 	/usr/lib/libusrtcp.dylib
0x000000000cbdc000 	/usr/lib/libapple_crypto.dylib
0x000000000cbdc000 	/System/Library/Frameworks/CoreServices.framework/Versions/A/Frameworks/FSEvents.framework/Versions/A/FSEvents
0x000000000cbdc000 	/System/Library/Frameworks/CoreServices.framework/Versions/A/Frameworks/CarbonCore.framework/Versions/A/CarbonCore
0x000000000cbdc000 	/System/Library/Frameworks/CoreServices.framework/Versions/A/Frameworks/Metadata.framework/Versions/A/Metadata
0x000000000cbdc000 	/System/Library/Frameworks/CoreServices.framework/Versions/A/Frameworks/OSServices.framework/Versions/A/OSServices
0x000000000cbdc000 	/System/Library/Frameworks/CoreServices.framework/Versions/A/Frameworks/SearchKit.framework/Versions/A/SearchKit
0x000000000cbdc000 	/System/Library/Frameworks/CoreServices.framework/Versions/A/Frameworks/AE.framework/Versions/A/AE
0x000000000cbdc000 	/System/Library/Frameworks/CoreServices.framework/Versions/A/Frameworks/LaunchServices.framework/Versions/A/LaunchServices
0x000000000cbdc000 	/System/Library/Frameworks/CoreServices.framework/Versions/A/Frameworks/DictionaryServices.framework/Versions/A/DictionaryServices
0x000000000cbdc000 	/System/Library/Frameworks/CoreServices.framework/Versions/A/Frameworks/SharedFileList.framework/Versions/A/SharedFileList
0x000000000cbdc000 	/System/Library/Frameworks/NetFS.framework/Versions/A/NetFS
0x000000000cbdc000 	/System/Library/PrivateFrameworks/NetAuth.framework/Versions/A/NetAuth
0x000000000cbdc000 	/System/Library/PrivateFrameworks/login.framework/Versions/A/Frameworks/loginsupport.framework/Versions/A/loginsupport
0x000000000cbdc000 	/System/Library/PrivateFrameworks/TCC.framework/Versions/A/TCC
0x000000000cbdc000 	/usr/lib/libmecabra.dylib
0x000000000cbdc000 	/System/Library/Frameworks/ApplicationServices.framework/Versions/A/Frameworks/ATS.framework/Versions/A/ATS
0x000000000cbdc000 	/System/Library/Frameworks/ApplicationServices.framework/Versions/A/Frameworks/ColorSyncLegacy.framework/Versions/A/ColorSyncLegacy
0x000000000cbdc000 	/System/Library/Frameworks/ApplicationServices.framework/Versions/A/Frameworks/HIServices.framework/Versions/A/HIServices
0x000000000cbdc000 	/System/Library/Frameworks/ApplicationServices.framework/Versions/A/Frameworks/LangAnalysis.framework/Versions/A/LangAnalysis
0x000000000cbdc000 	/System/Library/Frameworks/ApplicationServices.framework/Versions/A/Frameworks/PrintCore.framework/Versions/A/PrintCore
0x000000000cbdc000 	/System/Library/Frameworks/ApplicationServices.framework/Versions/A/Frameworks/QD.framework/Versions/A/QD
0x000000000cbdc000 	/System/Library/Frameworks/ApplicationServices.framework/Versions/A/Frameworks/SpeechSynthesis.framework/Versions/A/SpeechSynthesis
0x000000000cbdc000 	/System/Library/Frameworks/CoreDisplay.framework/Versions/A/CoreDisplay
0x000000000cbdc000 	/System/Library/Frameworks/Accelerate.framework/Versions/A/Frameworks/vImage.framework/Versions/A/vImage
0x000000000cbdc000 	/System/Library/Frameworks/Accelerate.framework/Versions/A/Frameworks/vecLib.framework/Versions/A/vecLib
0x000000000cbdc000 	/System/Library/Frameworks/Accelerate.framework/Versions/A/Frameworks/vecLib.framework/Versions/A/libvDSP.dylib
0x000000000cbdc000 	/System/Library/Frameworks/Accelerate.framework/Versions/A/Frameworks/vecLib.framework/Versions/A/libBNNS.dylib
0x000000000cbdc000 	/System/Library/Frameworks/Accelerate.framework/Versions/A/Frameworks/vecLib.framework/Versions/A/libQuadrature.dylib
0x000000000cbdc000 	/System/Library/Frameworks/Accelerate.framework/Versions/A/Frameworks/vecLib.framework/Versions/A/libvMisc.dylib
0x000000000cbdc000 	/System/Library/Frameworks/Accelerate.framework/Versions/A/Frameworks/vecLib.framework/Versions/A/libLAPACK.dylib
0x000000000cbdc000 	/System/Library/Frameworks/Accelerate.framework/Versions/A/Frameworks/vecLib.framework/Versions/A/libBLAS.dylib
0x000000000cbdc000 	/System/Library/Frameworks/Accelerate.framework/Versions/A/Frameworks/vecLib.framework/Versions/A/libLinearAlgebra.dylib
0x000000000cbdc000 	/System/Library/Frameworks/Accelerate.framework/Versions/A/Frameworks/vecLib.framework/Versions/A/libSparse.dylib
0x000000000cbdc000 	/System/Library/Frameworks/Accelerate.framework/Versions/A/Frameworks/vecLib.framework/Versions/A/libSparseBLAS.dylib
0x000000000cbdc000 	/System/Library/PrivateFrameworks/GPUWrangler.framework/Versions/A/GPUWrangler
0x000000000cbdc000 	/System/Library/PrivateFrameworks/IOAccelerator.framework/Versions/A/IOAccelerator
0x000000000cbdc000 	/System/Library/PrivateFrameworks/IOPresentment.framework/Versions/A/IOPresentment
0x000000000cbdc000 	/System/Library/PrivateFrameworks/DSExternalDisplay.framework/Versions/A/DSExternalDisplay
0x000000000cbdc000 	/System/Library/Frameworks/OpenGL.framework/Versions/A/Libraries/libCoreFSCache.dylib
0x000000000cbdc000 	/System/Library/Frameworks/CoreVideo.framework/Versions/A/CoreVideo
0x000000000cbdc000 	/System/Library/PrivateFrameworks/GraphVisualizer.framework/Versions/A/GraphVisualizer
0x000000000cbdc000 	/System/Library/Frameworks/MetalPerformanceShaders.framework/Versions/A/MetalPerformanceShaders
0x000000000cbdc000 	/usr/lib/libFosl_dynamic.dylib
0x000000000cbdc000 	/System/Library/PrivateFrameworks/FaceCore.framework/Versions/A/FaceCore
0x000000000cbdc000 	/System/Library/Frameworks/OpenCL.framework/Versions/A/OpenCL
0x000000000cbdc000 	/usr/lib/libcompression.dylib
0x000000000cbdc000 	/System/Library/Frameworks/ApplicationServices.framework/Versions/A/Frameworks/ATS.framework/Versions/A/Resources/libFontParser.dylib
0x000000000cbdc000 	/System/Library/Frameworks/ApplicationServices.framework/Versions/A/Frameworks/ATS.framework/Versions/A/Resources/libFontRegistry.dylib
0x000000000cbdc000 	/System/Library/Frameworks/ImageIO.framework/Versions/A/Resources/libJPEG.dylib
0x000000000cbdc000 	/System/Library/Frameworks/ImageIO.framework/Versions/A/Resources/libTIFF.dylib
0x000000000cbdc000 	/System/Library/Frameworks/ImageIO.framework/Versions/A/Resources/libPng.dylib
0x000000000cbdc000 	/System/Library/Frameworks/ImageIO.framework/Versions/A/Resources/libGIF.dylib
0x000000000cbdc000 	/System/Library/Frameworks/ImageIO.framework/Versions/A/Resources/libJP2.dylib
0x000000000cbdc000 	/System/Library/Frameworks/ImageIO.framework/Versions/A/Resources/libRadiance.dylib
0x000000000cbdc000 	/System/Library/PrivateFrameworks/AppleJPEG.framework/Versions/A/AppleJPEG
0x000000000cbdc000 	/System/Library/Frameworks/MetalPerformanceShaders.framework/Frameworks/MPSCore.framework/Versions/A/MPSCore
0x000000000cbdc000 	/System/Library/Frameworks/MetalPerformanceShaders.framework/Frameworks/MPSImage.framework/Versions/A/MPSImage
0x000000000cbdc000 	/System/Library/Frameworks/MetalPerformanceShaders.framework/Frameworks/MPSNeuralNetwork.framework/Versions/A/MPSNeuralNetwork
0x000000000cbdc000 	/System/Library/Frameworks/MetalPerformanceShaders.framework/Frameworks/MPSMatrix.framework/Versions/A/MPSMatrix
0x000000000cbdc000 	/System/Library/PrivateFrameworks/MetalTools.framework/Versions/A/MetalTools
0x000000000cbdc000 	/System/Library/Frameworks/OpenGL.framework/Versions/A/Libraries/libGLU.dylib
0x000000000cbdc000 	/System/Library/Frameworks/OpenGL.framework/Versions/A/Libraries/libGFXShared.dylib
0x000000000cbdc000 	/System/Library/Frameworks/OpenGL.framework/Versions/A/Libraries/libGL.dylib
0x000000000cbdc000 	/System/Library/Frameworks/OpenGL.framework/Versions/A/Libraries/libGLImage.dylib
0x000000000cbdc000 	/System/Library/Frameworks/OpenGL.framework/Versions/A/Libraries/libCVMSPluginSupport.dylib
0x000000000cbdc000 	/System/Library/Frameworks/OpenGL.framework/Versions/A/Libraries/libCoreVMClient.dylib
0x000000000cbdc000 	/usr/lib/libcups.2.dylib
0x000000000cbdc000 	/System/Library/Frameworks/Kerberos.framework/Versions/A/Kerberos
0x000000000cbdc000 	/System/Library/Frameworks/GSS.framework/Versions/A/GSS
0x000000000cbdc000 	/usr/lib/libresolv.9.dylib
0x000000000cbdc000 	/usr/lib/libiconv.2.dylib
0x000000000cbdc000 	/System/Library/PrivateFrameworks/Heimdal.framework/Versions/A/Heimdal
0x000000000cbdc000 	/usr/lib/libheimdal-asn1.dylib
0x000000000cbdc000 	/System/Library/Frameworks/OpenDirectory.framework/Versions/A/OpenDirectory
0x000000000cbdc000 	/System/Library/PrivateFrameworks/CommonAuth.framework/Versions/A/CommonAuth
0x000000000cbdc000 	/System/Library/Frameworks/OpenDirectory.framework/Versions/A/Frameworks/CFOpenDirectory.framework/Versions/A/CFOpenDirectory
0x000000000cbdc000 	/System/Library/Frameworks/SecurityFoundation.framework/Versions/A/SecurityFoundation
0x000000000cbdc000 	/System/Library/PrivateFrameworks/APFS.framework/Versions/A/APFS
0x000000000cbdc000 	/usr/lib/libutil.dylib
0x000000000cbdc000 	/System/Library/PrivateFrameworks/AppleSauce.framework/Versions/A/AppleSauce
0x000000000cbdc000 	/System/Library/PrivateFrameworks/LinguisticData.framework/Versions/A/LinguisticData
0x000000000cbdc000 	/usr/lib/libmarisa.dylib
0x000000000cbdc000 	/System/Library/PrivateFrameworks/Lexicon.framework/Versions/A/Lexicon
0x000000000cbdc000 	/usr/lib/libChineseTokenizer.dylib
0x000000000cbdc000 	/usr/lib/libcmph.dylib
0x000000000cbdc000 	/System/Library/PrivateFrameworks/LanguageModeling.framework/Versions/A/LanguageModeling
0x000000000cbdc000 	/System/Library/PrivateFrameworks/CoreEmoji.framework/Versions/A/CoreEmoji
0x000000000cbdc000 	/System/Library/Frameworks/ServiceManagement.framework/Versions/A/ServiceManagement
0x000000000cbdc000 	/System/Library/PrivateFrameworks/BackgroundTaskManagement.framework/Versions/A/BackgroundTaskManagement
0x000000000cbdc000 	/usr/lib/libxslt.1.dylib
0x000000000cbdc000 	/System/Library/Frameworks/Carbon.framework/Versions/A/Frameworks/Ink.framework/Versions/A/Ink
0x000000000cbdc000 	/System/Library/PrivateFrameworks/TextureIO.framework/Versions/A/TextureIO
0x000000000cbdc000 	/usr/lib/libate.dylib
0x000000000cbdc000 	/System/Library/PrivateFrameworks/CrashReporterSupport.framework/Versions/A/CrashReporterSupport
0x000000000cbdc000 	/System/Library/PrivateFrameworks/Sharing.framework/Versions/A/Sharing
0x000000000cbdc000 	/System/Library/PrivateFrameworks/IconServices.framework/Versions/A/IconServices
0x000000000cbdc000 	/System/Library/PrivateFrameworks/Apple80211.framework/Versions/A/Apple80211
0x000000000cbdc000 	/System/Library/PrivateFrameworks/CoreUtils.framework/Versions/A/CoreUtils
0x000000000cbdc000 	/System/Library/Frameworks/CoreWLAN.framework/Versions/A/CoreWLAN
0x000000000cbdc000 	/System/Library/Frameworks/IOBluetooth.framework/Versions/A/IOBluetooth
0x000000000cbdc000 	/System/Library/PrivateFrameworks/ProtocolBuffer.framework/Versions/A/ProtocolBuffer
0x000000000cbdc000 	/System/Library/PrivateFrameworks/CoreWiFi.framework/Versions/A/CoreWiFi
0x000000000cbdc000 	/System/Library/Frameworks/CoreBluetooth.framework/Versions/A/CoreBluetooth
0x000000000cbdc000 	/System/Library/PrivateFrameworks/DebugSymbols.framework/Versions/A/DebugSymbols
0x000000000cbdc000 	/System/Library/PrivateFrameworks/CoreSymbolication.framework/Versions/A/CoreSymbolication
0x000000000cbdc000 	/System/Library/PrivateFrameworks/Symbolication.framework/Versions/A/Symbolication
0x000000000cbdc000 	/System/Library/PrivateFrameworks/AppleFSCompression.framework/Versions/A/AppleFSCompression
0x000000000cbdc000 	/System/Library/PrivateFrameworks/SpeechRecognitionCore.framework/Versions/A/SpeechRecognitionCore
0x000000010b800000 	/Library/Java/JavaVirtualMachines/jdk1.8.0_161.jdk/Contents/Home/jre/lib/server/libjvm.dylib
0x000000000cbdc000 	/usr/lib/libstdc++.6.0.9.dylib
0x000000010af7c000 	/Library/Java/JavaVirtualMachines/jdk1.8.0_161.jdk/Contents/Home/jre/lib/libverify.dylib
0x000000010af8a000 	/Library/Java/JavaVirtualMachines/jdk1.8.0_161.jdk/Contents/Home/jre/lib/libjava.dylib
0x000000010afca000 	/Library/Java/JavaVirtualMachines/jdk1.8.0_161.jdk/Contents/Home/jre/lib/libzip.dylib
0x0000000123cc5000 	/Library/Java/JavaVirtualMachines/jdk1.8.0_161.jdk/Contents/Home/jre/lib/libawt.dylib
0x0000000123d6f000 	/Library/Java/JavaVirtualMachines/jdk1.8.0_161.jdk/Contents/Home/jre/lib/./libmlib_image.dylib
0x000000000cbdc000 	/System/Library/Frameworks/JavaVM.framework/Versions/A/Frameworks/JavaNativeFoundation.framework/Versions/A/JavaNativeFoundation
0x000000000cbdc000 	/System/Library/Frameworks/JavaVM.framework/Versions/A/Frameworks/JavaRuntimeSupport.framework/Versions/A/JavaRuntimeSupport
0x000000000cbdc000 	/System/Library/Frameworks/JavaVM.framework/Versions/A/JavaVM
0x000000000cbdc000 	/System/Library/PrivateFrameworks/JavaLaunching.framework/Versions/A/JavaLaunching
0x000000000cbdc000 	/System/Library/Frameworks/Carbon.framework/Versions/A/Carbon
0x000000000cbdc000 	/System/Library/Frameworks/Carbon.framework/Versions/A/Frameworks/CommonPanels.framework/Versions/A/CommonPanels
0x000000000cbdc000 	/System/Library/Frameworks/Carbon.framework/Versions/A/Frameworks/Help.framework/Versions/A/Help
0x000000000cbdc000 	/System/Library/Frameworks/Carbon.framework/Versions/A/Frameworks/ImageCapture.framework/Versions/A/ImageCapture
0x000000000cbdc000 	/System/Library/Frameworks/Carbon.framework/Versions/A/Frameworks/OpenScripting.framework/Versions/A/OpenScripting
0x000000000cbdc000 	/System/Library/Frameworks/Carbon.framework/Versions/A/Frameworks/Print.framework/Versions/A/Print
0x000000000cbdc000 	/System/Library/Frameworks/Carbon.framework/Versions/A/Frameworks/SecurityHI.framework/Versions/A/SecurityHI
0x0000000123e3b000 	/Library/Java/JavaVirtualMachines/jdk1.8.0_161.jdk/Contents/Home/jre/lib/libawt_lwawt.dylib
0x0000000123ef5000 	/Library/Java/JavaVirtualMachines/jdk1.8.0_161.jdk/Contents/Home/jre/lib/./libosxapp.dylib
0x000000000cbdc000 	/System/Library/Frameworks/ExceptionHandling.framework/Versions/A/ExceptionHandling
0x000000000cbdc000 	/System/Library/PrivateFrameworks/CoreServicesInternal.framework/Versions/A/CoreServicesInternal
0x000000000cbdc000 	/System/Library/CoreServices/RawCamera.bundle/Contents/MacOS/RawCamera
0x000000000cbdc000 	/System/Library/PrivateFrameworks/MobileAsset.framework/Versions/A/MobileAsset
0x000000000cbdc000 	/System/Library/PrivateFrameworks/StreamingZip.framework/Versions/A/StreamingZip
0x000000000cbdc000 	/System/Library/Frameworks/MediaToolbox.framework/Versions/A/MediaToolbox
0x000000000cbdc000 	/System/Library/PrivateFrameworks/CoreAVCHD.framework/Versions/A/CoreAVCHD
0x000000000cbdc000 	/System/Library/Frameworks/MediaAccessibility.framework/Versions/A/MediaAccessibility
0x000000000cbdc000 	/System/Library/PrivateFrameworks/Mangrove.framework/Versions/A/Mangrove
0x000000000cbdc000 	/System/Library/Frameworks/CoreMedia.framework/Versions/A/CoreMedia
0x000000000cbdc000 	/System/Library/Frameworks/VideoToolbox.framework/Versions/A/VideoToolbox
0x000000000cbdc000 	/System/Library/PrivateFrameworks/CoreAUC.framework/Versions/A/CoreAUC
0x000000000cbdc000 	/usr/lib/libspindump.dylib
0x000000000cbdc000 	/System/Library/PrivateFrameworks/AppleVA.framework/Versions/A/AppleVA
0x000000000cbdc000 	/System/Library/Frameworks/Accelerate.framework/Versions/A/Frameworks/vImage.framework/Versions/A/Libraries/libCGInterfaces.dylib
0x000000000cbdc000 	/System/Library/Frameworks/ApplicationServices.framework/Versions/A/Frameworks/ATS.framework/Versions/A/Resources/libTrueTypeScaler.dylib
0x000000000cbdc000 	/System/Library/Extensions/AppleIntelBDWGraphicsMTLDriver.bundle/Contents/MacOS/AppleIntelBDWGraphicsMTLDriver
0x000000000cbdc000 	/System/Library/PrivateFrameworks/GPUCompiler.framework/Versions/3802/Libraries/libmetal_timestamp.dylib
0x000000000cbdc000 	/System/Library/PrivateFrameworks/FamilyControls.framework/Versions/A/FamilyControls
0x000000000cbdc000 	/System/Library/PrivateFrameworks/CommerceKit.framework/Versions/A/Frameworks/CommerceCore.framework/Versions/A/CommerceCore
0x000000000cbdc000 	/System/Library/PrivateFrameworks/SystemAdministration.framework/Versions/A/SystemAdministration
0x000000000cbdc000 	/System/Library/PrivateFrameworks/AppContainer.framework/Versions/A/AppContainer
0x000000000cbdc000 	/System/Library/PrivateFrameworks/SecCodeWrapper.framework/Versions/A/SecCodeWrapper
0x000000000cbdc000 	/System/Library/PrivateFrameworks/DiskManagement.framework/Versions/A/DiskManagement
0x000000000cbdc000 	/System/Library/Frameworks/DirectoryService.framework/Versions/A/DirectoryService
0x000000000cbdc000 	/System/Library/PrivateFrameworks/DiskImages.framework/Versions/A/DiskImages
0x000000000cbdc000 	/System/Library/PrivateFrameworks/LoginUIKit.framework/Versions/A/Frameworks/LoginUICore.framework/Versions/A/LoginUICore
0x000000000cbdc000 	/usr/lib/libCoreStorage.dylib
0x000000000cbdc000 	/usr/lib/libcsfde.dylib
0x000000000cbdc000 	/usr/lib/libodfde.dylib
0x000000000cbdc000 	/System/Library/PrivateFrameworks/MediaKit.framework/Versions/A/MediaKit
0x000000000cbdc000 	/System/Library/Frameworks/DiscRecording.framework/Versions/A/DiscRecording
0x000000000cbdc000 	/System/Library/PrivateFrameworks/EFILogin.framework/Versions/A/EFILogin
0x000000000cbdc000 	/System/Library/PrivateFrameworks/ProtectedCloudStorage.framework/Versions/A/ProtectedCloudStorage
0x000000000cbdc000 	/usr/lib/libcurl.4.dylib
0x000000000cbdc000 	/usr/lib/libcrypto.35.dylib
0x000000000cbdc000 	/usr/lib/libssl.35.dylib
0x000000000cbdc000 	/System/Library/Frameworks/LDAP.framework/Versions/A/LDAP
0x000000000cbdc000 	/System/Library/PrivateFrameworks/TrustEvaluationAgent.framework/Versions/A/TrustEvaluationAgent
0x000000000cbdc000 	/usr/lib/libsasl2.2.dylib
0x000000000cbdc000 	/System/Library/PrivateFrameworks/CoreDaemon.framework/Versions/B/CoreDaemon
0x000000000cbdc000 	/System/Library/PrivateFrameworks/AppleSRP.framework/Versions/A/AppleSRP
0x00000001263d5000 	/Library/Java/JavaVirtualMachines/jdk1.8.0_161.jdk/Contents/Home/jre/lib/libfontmanager.dylib
0x000000000cbdc000 	/System/Library/Frameworks/OpenGL.framework/Versions/A/Resources/GLEngine.bundle/GLEngine
0x000000000cbdc000 	/System/Library/Frameworks/OpenGL.framework/Versions/A/Libraries/libGLProgrammability.dylib
0x0000000126458000 	/System/Library/Extensions/AppleIntelBDWGraphicsGLDriver.bundle/Contents/MacOS/AppleIntelBDWGraphicsGLDriver
0x000000000cbdc000 	/System/Library/PrivateFrameworks/GPUSupport.framework/Versions/A/Libraries/libGPUSupportMercury.dylib
0x000000000cbdc000 	/System/Library/Frameworks/OpenGL.framework/Versions/A/Resources/GLRendererFloat.bundle/GLRendererFloat
0x000000000cbdc000 	/System/Library/Frameworks/OpenCL.framework/Versions/A/Libraries/libcldcpuengine.dylib
0x000000012740e000 	/Library/Java/JavaVirtualMachines/jdk1.8.0_161.jdk/Contents/Home/jre/lib/libosxui.dylib
0x0000000127fd4000 	/Library/Java/JavaVirtualMachines/jdk1.8.0_161.jdk/Contents/Home/jre/lib/libosx.dylib
0x000000000cbdc000 	/System/Library/PrivateFrameworks/ViewBridge.framework/Versions/A/ViewBridge
0x00000001299c6000 	/Library/Java/JavaVirtualMachines/jdk1.8.0_161.jdk/Contents/Home/jre/lib/libnet.dylib
0x00000001299dd000 	/Library/Java/JavaVirtualMachines/jdk1.8.0_161.jdk/Contents/Home/jre/lib/libnio.dylib
0x000000000cbdc000 	/System/Library/PrivateFrameworks/login.framework/Versions/A/login
0x0000000128e51000 	/Users/miguelferreira/Google Drive/ProgramacionVideoJuegos/PARABOLICO/ProyectoVideojuego/libbulletjme.dylib
0x000000012906d000 	/Users/miguelferreira/Google Drive/ProgramacionVideoJuegos/PARABOLICO/ProyectoVideojuego/libopenal.dylib
0x00000001290c9000 	/Users/miguelferreira/Google Drive/ProgramacionVideoJuegos/PARABOLICO/ProyectoVideojuego/liblwjgl.dylib
0x0000000124d52000 	/Library/Java/JavaVirtualMachines/jdk1.8.0_161.jdk/Contents/Home/jre/lib/libjawt.dylib
0x000000000cbdc000 	/System/Library/Frameworks/OpenAL.framework/Versions/A/OpenAL
0x0000000157b38000 	/System/Library/Components/CoreAudio.component/Contents/MacOS/CoreAudio
0x0000000128209000 	/System/Library/Extensions/AppleHDA.kext/Contents/PlugIns/AppleHDAHALPlugIn.bundle/Contents/MacOS/AppleHDAHALPlugIn
0x000000015742e000 	/Library/Java/JavaVirtualMachines/jdk1.8.0_161.jdk/Contents/Home/jre/lib/libjpeg.dylib
0x000000015884a000 	/Library/Java/JavaVirtualMachines/jdk1.8.0_161.jdk/Contents/Home/jre/lib/liblcms.dylib

VM Arguments:
jvm_args: -Dfile.encoding=UTF-8 
java_command: mygame.Main
java_class_path (initial): /Applications/jmonkeyplatform.app/Contents/Resources/jmonkeyplatform/jmonkeyplatform/libs/jme3-jogg-3.2.0-stable.jar:/Applications/jmonkeyplatform.app/Contents/Resources/jmonkeyplatform/jmonkeyplatform/libs/j-ogg-all-1.0.0.jar:/Applications/jmonkeyplatform.app/Contents/Resources/jmonkeyplatform/jmonkeyplatform/libs/jme3-networking-3.2.0-stable.jar:/Applications/jmonkeyplatform.app/Contents/Resources/jmonkeyplatform/jmonkeyplatform/libs/jme3-plugins-3.2.0-stable.jar:/Applications/jmonkeyplatform.app/Contents/Resources/jmonkeyplatform/jmonkeyplatform/libs/gson-2.8.1.jar:/Applications/jmonkeyplatform.app/Contents/Resources/jmonkeyplatform/jmonkeyplatform/libs/jme3-core-3.2.0-stable.jar:/Applications/jmonkeyplatform.app/Contents/Resources/jmonkeyplatform/jmonkeyplatform/libs/jme3-desktop-3.2.0-stable.jar:/Applications/jmonkeyplatform.app/Contents/Resources/jmonkeyplatform/jmonkeyplatform/libs/jme3-lwjgl-3.2.0-stable.jar:/Applications/jmonkeyplatform.app/Contents/Resources/jmonkeyplatform/jmonkeyplatform/libs/lwjgl-2.9.3.jar:/Applications/jmonkeyplatform.app/Contents/Resources/jmonkeyplatform/jmonkeyplatform/libs/jinput-2.0.5.jar:/Applications/jmonkeyplatform.app/Contents/Resources/jmonkeyplatform/jmonkeyplatform/libs/jinput-platform-2.0.5-natives-linux.jar:/Applications/jmonkeyplatform.app/Contents/Resources/jmonkeyplatform/jmonkeyplatform/libs/jinput-platform-2.0.5-natives-windows.jar:/Applications/jmonkeyplatform.app/Contents/Resources/jmonkeyplatform/jmonkeyplatform/libs/jinput-platform-2.0.5-natives-osx.jar:/Applications/jmonkeyplatform.app/Contents/Resources/jmonkeyplatform/jmonkeyplatform/libs/jutils-1.0.0.jar:/Applications/jmonkeyplatform.app/Contents/Resources/jmonkeyplatform/jmonkeyplatform/libs/lwjgl-platform-2.9.3-natives-windows.jar:/Applications/jmonkeyplatform.app/Contents/Resources/jmonkeyplatform/jmonkeyplatform/libs/lwjgl-platform-2.9.3-natives-linux.jar:/Applications/jmonkeyplatform.app/Contents/Resources/jmonkeyplatform/jm
Launcher Type: SUN_STANDARD

Environment Variables:
PATH=/usr/bin:/bin:/usr/sbin:/sbin
LD_LIBRARY_PATH=/Library/Java/JavaVirtualMachines/jdk1.8.0_161.jdk/Contents/Home/jre/lib/amd64:/Library/Java/JavaVirtualMachines/jdk1.8.0_161.jdk/Contents/Home/jre/lib/i386:
SHELL=/bin/bash

Signal Handlers:
SIGSEGV: [libjvm.dylib+0x5b5439], sa_mask[0]=11111111011111110111111111111111, sa_flags=SA_ONSTACK|SA_RESTART|SA_SIGINFO
SIGBUS: [libjvm.dylib+0x5b5439], sa_mask[0]=11111111011111110111111111111111, sa_flags=SA_RESTART|SA_SIGINFO
SIGFPE: [libjvm.dylib+0x48ae24], sa_mask[0]=11111111011111110111111111111111, sa_flags=SA_RESTART|SA_SIGINFO
SIGPIPE: [libjvm.dylib+0x48ae24], sa_mask[0]=11111111011111110111111111111111, sa_flags=SA_RESTART|SA_SIGINFO
SIGXFSZ: [libjvm.dylib+0x48ae24], sa_mask[0]=11111111011111110111111111111111, sa_flags=SA_RESTART|SA_SIGINFO
SIGILL: [libjvm.dylib+0x48ae24], sa_mask[0]=11111111011111110111111111111111, sa_flags=SA_RESTART|SA_SIGINFO
SIGUSR1: SIG_DFL, sa_mask[0]=00000000000000000000000000000000, sa_flags=none
SIGUSR2: [libjvm.dylib+0x48a942], sa_mask[0]=00100000000000000000000000000000, sa_flags=SA_RESTART|SA_SIGINFO
SIGHUP: [libjvm.dylib+0x488f0d], sa_mask[0]=11111111011111110111111111111111, sa_flags=SA_RESTART|SA_SIGINFO
SIGINT: SIG_IGN, sa_mask[0]=00000000000000000000000000000000, sa_flags=none
SIGTERM: [libjvm.dylib+0x488f0d], sa_mask[0]=11111111011111110111111111111111, sa_flags=SA_RESTART|SA_SIGINFO
SIGQUIT: [libjvm.dylib+0x488f0d], sa_mask[0]=11111111011111110111111111111111, sa_flags=SA_RESTART|SA_SIGINFO


---------------  S Y S T E M  ---------------

OS:Bsduname:Darwin 17.5.0 Darwin Kernel Version 17.5.0: Fri Apr 13 19:32:32 PDT 2018; root:xnu-4570.51.2~1/RELEASE_X86_64 x86_64
rlimit: STACK 8192k, CORE 0k, NPROC 709, NOFILE 10240, AS infinity
load average:1.94 2.33 2.46

CPU:total 4 (initial active 4) (2 cores per cpu, 2 threads per core) family 6 model 61 stepping 4, cmov, cx8, fxsr, mmx, sse, sse2, sse3, ssse3, sse4.1, sse4.2, popcnt, avx, avx2, aes, clmul, erms, rtm, 3dnowpref, lzcnt, ht, tsc, tscinvbit, bmi1, bmi2, adx

Memory: 4k page, physical 8388608k(845540k free)

/proc/meminfo:


vm_info: Java HotSpot(TM) 64-Bit Server VM (25.161-b12) for bsd-amd64 JRE (1.8.0_161-b12), built on Dec 19 2017 16:22:20 by "java_re" with gcc 4.2.1 (Based on Apple Inc. build 5658) (LLVM build 2336.11.00)

time: Mon Jun  4 18:10:12 2018
elapsed time: 16 seconds (0d 0h 0m 16s)

